BEGIN:VCALENDAR
VERSION:2.0
PRODID:-//Google Inc//Google Calendar 70.9054//EN
CALSCALE:GREGORIAN
METHOD:PUBLISH
X-WR-CALNAME:Filme si seriale
X-WR-TIMEZONE:Europe/Bucharest
BEGIN:VEVENT
DTSTART;VALUE=DATE:20201017
DTEND;VALUE=DATE:20201018
RRULE:FREQ=WEEKLY;BYDAY=SA
DTSTAMP:20201026T212524Z
UID:4ulvpcckkq5cclafbam43cmgok@google.com
CREATED:20201025T194923Z
DESCRIPTION:
LAST-MODIFIED:20201025T194923Z
LOCATION:
SEQUENCE:0
STATUS:CONFIRMED
SUMMARY:Fear TWD
TRANSP:TRANSPARENT
END:VEVENT
END:VCALENDAR

