BEGIN:VCALENDAR
PRODID:-//Trumba Corporation//Trumba Calendar Services 0.11.9005//EN
VERSION:2.0
CALSCALE:GREGORIAN
X-WR-CALNAME:Harvard Medical School
X-WR-TIMEZONE:America/New_York
METHOD:PUBLISH
BEGIN:VEVENT
SUMMARY:See the IRB’s QI Checklist: Clinical QI or QI Research? When 
 toGet IRB Review
LOCATION:Simches 3.110\, 185 Cambridge Street\, Floor 3\, MGH
DTSTART:20120709T160000Z
DTEND:20120709T170000Z
X-MICROSOFT-CDO-ALLDAYEVENT:FALSE
URL:https://hub.partners.org/catalog/one-section?section_id=6181737
X-TRUMBA-CUSTOMFIELD;NAME="Event Type";ID=21;TYPE=number:Harvard Medical Sch
 ool
X-TRUMBA-CUSTOMFIELD;NAME=Topics;ID=22995;TYPE=CustomAsset:Administrative\,A
 nesthesia\,Biochemistry\,Biomedical Science\,Biostatistics\,Cardiology\,Co
 mmunity\,Dermatology\,Education\,Endocrine\,Epidemiology\,Genetics\,Immuno
 logy\,Medicine\,Molecular Biology\,Molecular Genetics\,Neurology\,Nuclear 
 Medicine\,Obstetrics\, Gynecology and Reproductive Biology\,Oncology\,Opth
 almology\,Oral Health\,Orthopedic Surgery\,Otology-Laryngology\,Pediatrics
 \,Physical Medicine & Rehabilitation\,Population Medicine\,Psychiatry\,Pub
 lic Health\,Radiation Oncology\,Radiology\,Surgery\,Vascular Biology\,Viro
 logy\,Wellness/Worklife
X-TRUMBA-CUSTOMFIELD;NAME="Event Types";ID=25242;TYPE=CustomAsset:Seminar
X-TRUMBA-CUSTOMFIELD;NAME=Department/Office;ID=25489;TYPE=CustomAsset:Contin
 uing Education
X-TRUMBA-CUSTOMFIELD;NAME=Location;ID=22993;TYPE=CustomAsset:Mass. General H
 ospital
X-TRUMBA-CUSTOMFIELD;NAME="RSVP Required";ID=25241;TYPE=CustomAsset:Yes
DTSTAMP:20120606T163256Z
DESCRIPTION:See the IRB’s QI Checklist: Clinical QI or QI Research? W
 hen to Get IRB Review\n\nMonday\, July 9th \n12:00pm – 1:00pm\nSimc
 hes
CATEGORIES:Harvard Medical School
UID:http://uid.trumba.com/event/100278721
END:VEVENT
END:VCALENDAR

