BEGIN:VCALENDAR
VERSION:2.0
PRODID:-//calcard//regression//EN
BEGIN:VEVENT
UID:at-time-of-event@calcard
DTSTAMP:20260508T120000Z
DTSTART:20260601T090000Z
DTEND:20260601T100000Z
SUMMARY:Event with at-time-of-event alarm
BEGIN:VALARM
ACTION:DISPLAY
DESCRIPTION:Starting now
TRIGGER:PT0S
END:VALARM
END:VEVENT
BEGIN:VTODO
UID:at-time-of-task@calcard
DTSTAMP:20260508T120000Z
DTSTART:20260601T090000Z
DUE:20260601T100000Z
SUMMARY:Task with at-time-of-task alarm
BEGIN:VALARM
ACTION:DISPLAY
DESCRIPTION:Starting now
TRIGGER:PT0S
END:VALARM
END:VTODO
END:VCALENDAR

