BEGIN:VCARD
VERSION:4.0
FN:John Doe
N:Doe;john;;;
ORG:Acme Solutions
TEL;TYPE=CELL:+96123456789
PHOTO:data:base64\,/9j/4QFaRXhpZgAASUkqAAgAAAAAABABAgABAAAAAAAAABIBAwABAAAAA
 QAAABoBBQABAAAAhgAAABsBBQABAAAAjgAAACgBAwABAAAAAgAAADEBAgAWAAAAlgAAADIBAgA
 BAAAAAAAAABMCAwABAAAAAQAAAGmHBAABAAAArAAAAAAAAABIAAAAAQAAAEgAAAABAAAAUmltI
 EV4aWYgVmVyc2lvbjEuMDBhAAwAmoIFAAEAAABCAQAAAJAHAAQAAAAwMjIwA5ACAAEAAAAAAAA
 AAZEHAAQAAAABAgMABpIFAAEAAABKAQAACJIDAAEAAAAAAAAACZIDAAEAAAAgAAAAfJIHAAAAA
 AAAAAAAAaADAAEAAAABAAAAAqADAAEAAABCAAAAA6ADAAEAAABkAAAAC6QHAAAAAAAAAAAAAAA
 AAAAAAAABAAAAAAAAAAEAAAD/2wCEABIMDRANCxIQDhAUExIVGywdGxgYGzYnKSAsQDlEQz85P
 j1HUGZXR0thTT0+WXlaYWltcnNyRVV9hnxvhWZwcm4BExQUGxcbNB0dNG5JPklubm5ubm5ubm5
 ubm5ubm5ubm5ubm5ubm5ubm5ubm5ubm5ubm5ubm5ubm5ubm5ubm5ubv/EAaIAAAEFAQEBAQEBA
 AAAAAAAAAABAgMEBQYHCAkKCwEAAwEBAQEBAQEBAQAAAAAAAAECAwQFBgcICQoLEAACAQMDAgQ
 DBQUEBAAAAX0BAgMABBEFEiExQQYTUWEHInEUMoGRoQgjQrHBFVLR8CQzYnKCCQoWFxgZGiUmJ
 ygpKjQ1Njc4OTpDREVGR0hJSlNUVVZXWFlaY2RlZmdoaWpzdHV2d3h5eoOEhYaHiImKkpOUlZa
 XmJmaoqOkpaanqKmqsrO0tba3uLm6wsPExcbHyMnK0tPU1dbX2Nna4eLj5OXm5+jp6vHy8/T19
 vf4+foRAAIBAgQEAwQHBQQEAAECdwABAgMRBAUhMQYSQVEHYXETIjKBCBRCkaGxwQkjM1LwFWJ
 y0QoWJDThJfEXGBkaJicoKSo1Njc4OTpDREVGR0hJSlNUVVZXWFlaY2RlZmdoaWpzdHV2d3h5e
 oKDhIWGh4iJipKTlJWWl5iZmqKjpKWmp6ipqrKztLW2t7i5usLDxMXGx8jJytLT1NXW19jZ2uL
 j5OXm5+jp6vLz9PX29/j5+v/AABEIAGQAQgMBEQACEQEDEQH/2gAMAwEAAhEDEQA/AOGoAKACg
 BQCTgdaAHmFlHIoAYaAAEjpQAlABQAUAFABQB0mh6MHtvPn4L8gegoAl1G0tUhb5gD2oA5mRQr
 kA5oAZQAUAFABQAUAS20XmzKCGK5G7b1xQB3s1tJHpymzTduUbR6UAczqOl6wsZluIn8v2xgUA
 YjAgkHOfegBKACgAoAKACgC/o09xDeYtnRGcYZnAIA68/lQBq6j4quHIisyI40GC2PvH19qAJp
 nv7/TP7Q88mNlIeJJCQGHHTt9KAOYdtzZIwaAGkYoASgAoAKACgDp5tKWHwtayxOsZufmlaU4z
 zwPpQBiS6fcRywx7Qxmx5ZU5D5OODQB0GpwPoFiLaNiN4y/fJxzQBy8rB2yOvegBlACUAFABQA
 o6igD0a1jnurJGk8n7OsKJFG65xgD5vr1oAybCyvbTUoZt4mUPzzu2j2oAt+NkW4sUlH3lHNAH
 CUAFACUAFABQAo6igD0qyfzdCiS7SMK0QGNp6fnQBy4W10/URNHK6orcLnAIoAm13VBcbViIML
 Kpz6UAczJjzGx0zQA2gBKAFoAKAFXgjNAHZ6hrNuNNjWJvmKAcHp/nigDkZpWduSaAGCVguM8U
 AMoASgAoAKAHqOM0ANNADg7KBzkDsaALWba7ljjjh8h3IUncSufX1/nQBZvfDt/ZffRXHqhzQB
 mPGyHDAg0ANKkdQaAEoAKAH5wuKAFXnk0AMbrQAqEqQwOCDkfWgD0TT9Xs9WsI98sYnCgSIx28
 98Z6igDL1b7HArHfEh9iCf8aAOWup1lc+X09aAK4GRmgA/GgBQMtg0APXk80AMYfNQAh64FADv
 agBMUALjH1oAQ+goAdt96ADHGWoAXkDNADDwOepoAaOtADyeaAFxt/wB7+VAAqknmgCWC2lnfb
 GhZsgYHv0pqLlsJtLcGgkRinyMLoiz61elAEJ5OaAEBe3tQAuOc0AShQBxx70ASafqD2E3mois
 2QRuVyeQ+ZIzkLliSeta8zJ5Uf/9k
NOTE:
END:VCARD

