BEGIN:VCARD
VERSION:4.0
N:Doe;John;;Mr.;III
FN:John Doe III
NICKNAME:Joey
ORG:Company\, The;TheDepartment
TITLE:The Job Title
NOTE:This is the note field!!\r\nSecond line\r\n\r\nThird line is empty\r\n
TEL;TYPE=WORK,VOICE:BusinessPhone
TEL;TYPE=HOME,VOICE:HomePhone
TEL;TYPE=CELL,VOICE:MobilePhone
TEL;TYPE=WORK,FAX:BusinessFaxPhone
ADR;TYPE=WORK:;TheOffice;123 Main St;Austin;TX;12345;United States of Americ
 a
LABEL;TYPE=WORK:TheOffice\r\n123 Main St\r\nAustin\, TX 12345\r\nUnited Stat
 es of America
URL;TYPE=WORK:http://web-page-address.com
ROLE:TheProfession
BDAY:19800321
KEY;X509:data:base64\,MIIDITCCAoqgAwIBAgIQT52W2WawmStUwpV8tBV9TTANBgkqhkiG9
 w0BAQUFADBMMQswCQYDVQQGEwJaQTElMCMGA1UEChMcVGhhd3RlIENvbnN1bHRpbmcgKFB0eSk
 gTHRkLjEWMBQGA1UEAxMNVGhhd3RlIFNHQyBDQTAeFw0xMTEwMjYwMDAwMDBaFw0xMzA5MzAyM
 zU5NTlaMGgxCzAJBgNVBAYTAlVTMRMwEQYDVQQIEwpDYWxpZm9ybmlhMRYwFAYDVQQHFA1Nb3V
 udGFpbiBWaWV3MRMwEQYDVQQKFApHb29nbGUgSW5jMRcwFQYDVQQDFA53d3cuZ29vZ2xlLmNvb
 TCBnzANBgkqhkiG9w0BAQEFAAOBjQAwgYkCgYEA3rcmQ6aZhc04pxUJuc8PycNVjIjujI0oJyR
 LKl6g2Bb6YRhLz21ggNM1QDJywI8S2OVOj7my9tkVXlqGMaO6hqpryNlxjMzNJxMenUJdOPanr
 O/6YvMYgdQkRn8Bd3zGKokUmbuYOR2oGfs5AER9G5RqeC1prcB6LPrQ2iASmNMCAwEAAaOB5zC
 B5DAMBgNVHRMBAf8EAjAAMDYGA1UdHwQvMC0wK6ApoCeGJWh0dHA6Ly9jcmwudGhhd3RlLmNvb
 S9UaGF3dGVTR0NDQS5jcmwwKAYDVR0lBCEwHwYIKwYBBQUHAwEGCCsGAQUFBwMCBglghkgBhvh
 CBAEwcgYIKwYBBQUHAQEEZjBkMCIGCCsGAQUFBzABhhZodHRwOi8vb2NzcC50aGF3dGUuY29tM
 D4GCCsGAQUFBzAChjJodHRwOi8vd3d3LnRoYXd0ZS5jb20vcmVwb3NpdG9yeS9UaGF3dGVfU0d
 DX0NBLmNydDANBgkqhkiG9w0BAQUFAAOBgQAhrNWuyjSJWsKrUtKyNGadeqvu5nzVfsJcKLt0A
 MkQH0IT/GmKHiSgAgDpulvKGQSy068Bsn5fFNum21K5mvMSf3yinDtvmX3qUA12IxL/92ZzKbe
 VCq3Yi7LeIOkKcGQRCMha8X2e7GmlpdWC1ycenlbN0nbVeSv3JUMcafC4+Q==
EMAIL;PREF=0;INTERNET:jdoe@hotmail.com
FBURL:????????????????s????????????
REV:20121012T210525Z
END:VCARD

