BEGIN:VCARD
VERSION:4.0
N:Doe;John
FN:John Doe
ORG:TheOrganization;TheDepartment
NICKNAME:Johnny
ADR;TYPE=WORK,POSTAL:;222 Broadway;Suite 100;New York;NY;98765;USA
ADR;TYPE=HOME,POSTAL:;123 Main St;Apt 10;Austin;TX;12345;USA
TEL;TYPE=WORK,VOICE:555-555-1111
TEL;TYPE=HOME,VOICE:555-555-2222
TEL;TYPE=CELL,VOICE:555-555-5555
TEL;TYPE=FAX:555-555-3333
TEL;TYPE=PAGER:555-555-4444
EMAIL;TYPE=PREF,INTERNET:doe.john@hotmail.com
EMAIL;TYPE=INTERNET:additional-email@company.com
EMAIL;TYPE=INTERNET:additional-email1@company.com
EMAIL;TYPE=INTERNET:additional-email2@company.com
EMAIL;TYPE=INTERNET:additional-email3@company.com
URL;TYPE=HOME:http://www.private-webpage.com
TITLE:TheTitle
URL;TYPE=WORK:http://www.work-webpage.com
CATEGORIES:category1\, category2\, category3
X-SPOUSE:TheSpouse
BDAY:19700921
X-ANNIVERSARY:1990-04-30
NOTE:This is the notes field.\nSecond Line\n\nFourth Line\nYou can put anyth
 ing in the "note" field\; even curse words.
PHOTO;TYPE=JPEG:data:base64\,/9j/4AAQSkZJRgABAQEAYABgAAD/4QBoRXhpZgAASUkqAAg
 AAAAEABoBBQABAAAAPgAAABsBBQABAAAARgAAACgBAwABAAAAAgAAADEBAgASAAAATgAAAAAAA
 ABgAAAAAQAAAGAAAAABAAAAUGFpbnQuTkVUIHYzLjUuMTAA/9sAQwACAQEBAQECAQEBAgICAgI
 EAwICAgIFBAQDBAYFBgYGBQYGBgcJCAYHCQcGBggLCAkKCgoKCgYICwwLCgwJCgoK/9sAQwECA
 gICAgIFAwMFCgcGBwoKCgoKCgoKCgoKCgoKCgoKCgoKCgoKCgoKCgoKCgoKCgoKCgoKCgoKCgo
 KCgoKCgoK/8AAEQgAhABkAwEiAAIRAQMRAf/EAB8AAAEFAQEBAQEBAAAAAAAAAAABAgMEBQYHC
 AkKC//EALUQAAIBAwMCBAMFBQQEAAABfQECAwAEEQUSITFBBhNRYQcicRQygZGhCCNCscEVUtH
 wJDNicoIJChYXGBkaJSYnKCkqNDU2Nzg5OkNERUZHSElKU1RVVldYWVpjZGVmZ2hpanN0dXZ3e
 Hl6g4SFhoeIiYqSk5SVlpeYmZqio6Slpqeoqaqys7S1tre4ubrCw8TFxsfIycrS09TV1tfY2dr
 h4uPk5ebn6Onq8fLz9PX29/j5+v/EAB8BAAMBAQEBAQEBAQEAAAAAAAABAgMEBQYHCAkKC//EA
 LURAAIBAgQEAwQHBQQEAAECdwABAgMRBAUhMQYSQVEHYXETIjKBCBRCkaGxwQkjM1LwFWJy0Qo
 WJDThJfEXGBkaJicoKSo1Njc4OTpDREVGR0hJSlNUVVZXWFlaY2RlZmdoaWpzdHV2d3h5eoKDh
 IWGh4iJipKTlJWWl5iZmqKjpKWmp6ipqrKztLW2t7i5usLDxMXGx8jJytLT1NXW19jZ2uLj5OX
 m5+jp6vLz9PX29/j5+v/aAAwDAQACEQMRAD8A+PNL8D3+jRfZbPxprEUiE/vEmBHX0AH8605Lj
 4hWURGlfEO7LjAT7TDvGff5jXvP7I37F+v/ALXN5r/9ieNoNIGjPDv8+xMol80PjG1htxs9+or
 A/ak/Zn8Tfss/Ea3+H3ijX7LUnubKK8huLGJ1XYzsoBDDIOUJ79a/K/ZYqVL2zXu/I+yWNTq+z
 5te1jjfgH4x8T+NvDd/f+Jb7z5INSaCNhGq4UIp/hAzyTXYzFhyTyPSuM/ZmtmXwLdu6BS+qyH
 l92fkT/P0xXV+KvEWheE9PbVPEF8lvEoyA2ctg8/Qc8noOppYbDVsXW9nSV29l/XQ3xNSnQk5S
 dkieOSWSTykBLEdBUdzqOi2+ow6LqGtwpdzjcLRWBl2cZbDEDAz1z1rx7xj8VvFmt3el6Tp1pY
 LHOHlv/sl4rCydPnTcVfL5GAcYxzwc1xOh/FOC7+LWpnR/HA0u6trcxNCLcGJCSp3pnB5G3cSM
 EgA4GK+7wPCVKEebFSu30Wi/wA3+B85iM5nJ2oqy7vc+k5Phtp3jnVX0rw/4mJnWEP5M1oS6kn
 ADCIvgcg57bgSMEGuV8S/Crxd4WtG1m9sxLYG6kt1vYTuTzEOCCPvIfZgD19DXlfw2+Mfi2P4z
 Ibf4iajFeWEkZZb1C1pcnjPyebtETAhcbtoJJBXBNfVvw9+JB17U/GvwO0bw+l3dT6kX0WKCHY
 izJicKEkKHby0YWPI4HybCcejW4OyzE0v3LcJet1+P+ZyU89xlCovaWkvuPCdT1a28OaHda1dY
 2W0LOQT1PYficCvn74d6Tq3jX4iS/ErUJ2NrY6xaxwuR/rZpZhn8AufzWvrP9tb9nTxJ4u+GY+
 In7N2l3GpaHd28t5qenxW7rPa+UVWVUQjLKrOPlxvQEFhjmvEvAHhq68LfCfS9FvlUXMXjG2ju
 VHXzBIgYe+CP0r4mvl2KydyjVjZvRenVr1PrsLi6GNoqVJ37+Xkz6X/AGGFN3+0Z43mz8sOj2i
 D8z/jX1f4l8PWvivwvfeGb2V0ivrSSB3Q4KhlIyPcZzXyx/wTwtGufjb8RLljkLHbxfkTX11JE
 YSVzXzeJcoV01pa35FVPjZ8Rfs5/wDBQ+7+DHhjWfAdh8MNN8QC18S3Ql1G9iMTs6rGjKFYBto
 2cZAPOMcUV9B+Lf8AgmB8KPG2p/8ACbP4l+IOlvrBkvJbTwvYWktsHeaQs2XAO4nJxzgbRmivu
 o4yFWKnor26mEauHguV308v+CdX/wAEfv2qvhh+zRpfjeH4j2JlOt3ln9nIkQYESy7hh8A/6wd
 688/4K2/HLwF+0B+0dpnjn4c27x6fH4atrcrIiKTIk0xY/ISCORzXyb4u+JR8CrbRLMo+0zSEK
 SRjaEHYj1rQHii58W6Ha+ILiYMn2UiIJ/CFkcEcn1GfxrwJ1av9jQjbRvfTuzzKdOP9puV9bfo
 jR/Z+1G10n4Xy3rw4dtQmLIo+++1ckZ7cfpXk3xs+IniHXNMjm8YeDH1Cz1DXBbx2lqJA8kG5d
 jPsI+XAY4yeWA9617rXn0XTNO8HanDM1nb7rzeuQJ3MTTLGoGAQqY3ZJyByADz5n43vLzSIPCu
 s6Zrpu447sPeTPLv86BpGYBE3buPlHyg7sL7ivv8AIMuhl+AU2vfkrt+T2X4/eedmuKeKxkkvh
 T0/zGa3rFhr3xkDajfT21/ZaXJE9tHd5EivgI2QPlyzBlHJwBnHFc5o/iaLTvHOo2vjHSN7WcK
 JbXF9AZGeNsb/ADGcfvMZxjnuRjFN8Y3VrL4yh1TWrZrTVZI3W3t9OQOxjJ2iFXBI3FGPOCRms
 y40i4fVFjfTNPigX5bR7qQySxScF1YKSZG9cnHava529UebY6DwJ8TNM0f4nNa+MtNt10lRmzn
 trON4I4jyWKkAnGSMffx0wcV9F/s2eKbDxl+1t9k1K7ewuNWmhto0tdQfydW09bfy1IZ96s7QF
 wu1hkHAKtgn5i0OyufFmtOdGWC6trdkCxy6Vvkt/LyXQAZCq2WxyK9g+HXg/wD4Tvx/pF8YNL1
 Pw/pt5Bc2+sPqDafJb6fG/wC9WTaylcOwAYnjg5VcgdVCpUStvqY1YRer7H2x+y/420/Sfgh4l
 8WaBevrFn4I8Y2cthrv2R1+2adJcfZyLqNwzszBkjYqTkMW42ZGd/wUF/ZVX4eW9j8R/BfhhNO
 sZ/Gdg2raVAVb7M0rAx3PyAARzYYg4HzKwwOg574MeI/E974t+Jfgr4eXsWn2PizQL3UNZ8IXe
 6HUrCS2MTxrGzKYpkmljAIAyUuZB8zKC32N8IYPBHxR02H4aR3ln4l8G6v8PbddSupLQRix1K3
 uihLykKGG6JwNqqI3iTGFyBGa5bSzTBunL4lrF9mPA42pl+JVSO3VeR8h/wDBNmET/ET4m34bO
 3WIovy3cV9kxWMUkefKBJ6kivmn9jr4Wav8D/jJ8W/hn4osng1Ky8XsJFkwPMQcK6+qYIIPfNf
 UGnMhUKRnivw/G0/ZYuUGtrL5pI++jLnjzLrqc5qOm3JuSjM2FGFBY8Ciu1Gl2Mw3yW4Y+pJor
 j9k/wCYd0fjV8ffDl54i13S7O1uQhiS4Yg85yyAdj6V3fwp8PPZeAtP0PUJVYiJllaMcfNI+T+
 tGrwaudeMli4ZFhkYo0auMhz6g46dq2fDVyw8Pz65rDYSK2Mkx8rhVCseAo/lX1FCjOtgsPTt7
 rmvXdnhurGONqtPVL9EcJ8TvE9r4dvZLW/sovs1zLcJYG1kUGPMS7VYscbmfKjnAG0Y5wfJX0e
 HSNMubOyOoWzWVysUctpbN5sX7zKJH/z0HLMSB2VcAYrd8U6xF4i12bRLTxC3lRSyS6cwiWQW0
 PmbWk2EcRjYFVs8BieBiuXtdV134sa/H4M+G0t3Ik14xnuHHzPGvyqBgcR4GexYkZ+6MfpGJq0
 cPTc5u0UePhqFXE1VCCvJkC6lb2WpLpHhSykvbu2tzG0agGFpWOWZnHLMD1xgEnHQc6mifBj4m
 a8GlP2fTnl5ne0jCM+eoJAzjgcZ7V718Nv2aLHwVZK+prGZyoLMw5JrubPwtYWpGxQSvHSvhsX
 xNiJzccPol95+g4HhLDQpqWId5dlsfOUP7J3jG8ihupPGVwpjYFUSR9oP/fXX3rVsfBHx9+Epu
 5dG11tTsb3T3tNQsbiITRT27csjo33hkA8EEEAqQQDX0Va2EIj8oMvykc4wRXTeEfBuleJdUj0
 q+uUiErBQzjI5rjo8Q5lSkpOd/uOqtw3lk6bShb5s4b9mn9sLwb438Kp8Cfi5OnhC9v79Fk1qS
 +n8mUR7Ht0WabzWs5FmjX5iDGUJHyYyfubRfCTaBrcHijw1NY6XdaF4e16DxBfrpZtE1YSsY5Z
 GmhUxNIbtBKUUkhSzj5mwfnP44/8ABKvxF458D3HjD4fRQXt/ZEMqWaEzEdc7Ryy8duRWp/wTd
 /au8f6h8RdT/ZP/AGk/GGpf2ld36P4Uu9RkCvHcRtmWFpthKGSMjazAhzuUlTIWr9ByPPYZjD2
 dRWn+Z+e51kU8vfPSd4/kfUXxL0Lw5dalY/FLwuJ7h/EWkWMuq6pMq5u7gW6EOzKACSjL0wMg4
 Awag0qY/Lk+netvW9F12y8MeIdG8T3llAH1z+1vDulrFJb3UKoTaXlu0D9YoStv5cijDRFWON4
 A53SdxIGa/O+LsH9WzybitJ2kv1/FHrZNXdbAxTesdPuOhicmMcA/U0UttGPJHy0V89yRW56Vz
 4d/ZW/aJ8F/BrxO/hvxB8A9A8YzateKrT65okd0kC7yAqu8beWckk9OCM1yn/BRDxboE/jDxLf
 eB/AFj4Os5f7Ptho2jxLDb2yNbR75DtG1QSS/TBJ6V434p8et4B+I9r4pifdJYpFOsM0JeFyLh
 +HGRke3eug+OHxL1n4weGr74wT6bYwC4cXV7pun6dsidUiCIscWSB86pwSc5PXNfYZTVUKuGhU
 ty30eu9n12PmKmGh9drVIX5mte266HzL8ZNXi8OWC+ENH1ONrpjH/AGlHbx7SIjkxW6k87SuCw
 6d+9e1fsz+D9V+Enwxn8b6b4VkvdX1pMxMUH7mPPOOmM4Jz6YrxWw+FniDS/ifoviD4qSNc2j6
 pCZJkOfOjcrmRsDgEOGyey9sV9uav8OYtX0RdEi1+SHQPlVzZMFkEf91WHQfTmsuIs7o4tqlSl
 eF+nddD7nh3JKmDi6teNpPb0/4J4D4w/aF+JWjztFq2r6ZbOJMNBNdxhlH03ZJrd+G/xZ17xNL
 H9ont5t3QwzA7vyrlfj7+z14KTxPFP4I1aCK2tdwhi8gb9pYn5mC5kbk8tk9OaZ8Kfhl4s1f4k
 2d/pGnNDAksfmmCIpEFXjnJ5JFeWoYOWH5oy19D2qdTH0sVyzh7vTW/6H0Fa22q3enStErLLtD
 beefrXl3i740eK/AGupdnxfZQNHIP3JDE8cc45619ufsw/AfSvjL8YLP4WTSG2k1SxZIZRHkLJ
 5fBPtnrXx9+0t+wz8VPg58XNY8A/ELQryOOS8P+lfZ2/eruO11OCcEf54rDCKFVc09InTi6tRP
 2cEnJq6V7H09/wTv/AOCjviXTPiLpL3+uwas/niIaetxlZlOBkK2055I79Rzxiui/4LwfBnTNH
 +I2gftj/CXQ7jTJNTsoZdYFghhNvcKV+ZSo+R8YbPXINT/8En/g3+yX4OttQ8M/HfR73W3urYx
 aNLPayLJbzFlw8J4KyAKvzDkDI6E5+9P2u/2dfhhY/sH+NvBviDxDd6jpuuaKw0241edHeB/l2
 AylV2AHHzNyB3Nerh6/1e9WlL3Y6+at/mfN4uip1YUqsffn7vk79n5bnzx+y38YNc/aj+GHhn4
 y+GUvLrUbi3OieJH1e3Wa1t9QjNsgumeJQ8X2u3DQtIMKGZcqS3zPtY1ivZIlBCrIwUegzXPfs
 N/Am6+AXiDWdR07SUHhvXvDtq00NvqgUW00J82PAYFJmSTKq3zsVKMSfmLdXNpl9puu3On6igW
 eG4dJdrZG8MQ2D0PII49KvPs8weeYbD1KXxLmv5bHj0skxOS4qpCfwuzX9eRsWkWYQQpNFWLJV
 FuuVP50V877qNNT8Qf2gfDnifxF4pDaTqlmkX2OMNBPq1vASwkkOSJHU4w3p1r134QeEoda+FV
 p4Z1+fbCkaC4azuFO4LtJAkQkEEjHXHJ5rnfE3wA1D4q6j/bMVzZW8SpHEJLlXJbBY44I459a7
 vRtLf4dfDH/AIRK1t4ryW3R4ftAkChmUkBivX14Gf61rmOOlQyylyy1vp5ad9Tq4ewEMbnEk1p
 1+/seU/tA6OdW082trZrHOtptiEMYZd0Ue8AkH+6rrjnJYV71+x/45g+IPwasr/V0UypA0TxsM
 7mHBOD2Brxa6ubqSc6J4siDEuhWGziw0oTOYyxUZB+bJHcjB5ArN+G/xA8W/CZ9U0jRY45NPnl
 T90spV7SZo97pkkbgcEjGSSOnWvn8LViqDhLpr9+/6fcfquLwynNOPa33bfqe/wDjiz8H6feyT
 SRwDu6t3/wqf4L+J/C/iXxDcaLpS7ZbUAyMi/KhPQH3r5z8XfEfWPFv+hQW14qy43PkKdpP3s8
 4H19OcVf/AGfvjR4o+BGo6w83ga3vrS6ljur6a71GKJrbGQNrMw84n+6OTg8HmvWVSE4cqetu/
 wDwTjq0lBbfM/SP9jnxla+AP2nPC3jPW8BLK6CSKGwSGBXv0619k/8ABWP42+Cfg/4W8L67qXw
 zS/m8TeYLXVHhBSBlVWKM2OpX5hkjhWPQGvyI8CftMN4zv4fH+nMbG2S4iMkt1II4kd2baoJwC
 T5b4UEnCMegOPpv9u7/AIKSaz+0r+zBof7Ob/D8m0sr21kvvEmp2k8azywK2xLfAXhhuy+9SVz
 jPOO3D4/D4XBTpVZWb206nk4zKKuIzLD4iC5lG6lrbR/5M9i/ZC+I/wAHfiX420y88W6JYWk0k
 m60aKJFUkErngccqRmvYv8Agsq+reKPgX4S+FHgPUoWi8X67b2QgSNnJEbCaTzNnJUrHjPY4z1
 r8uvgF8QtC8CeNbXRU+KUkVzZ3Mj2ravYuIioZvMV5FJKbCCCxULu3ncF5r7Lk8Y2vxy8Q+G/i
 L4r8dDUdH0a0dtAsbbzIjD5xaF7qQ7lDbXREZNucuAMgsw8mtn1GOBqUeX3pap7bM662QyWZ0s
 VGXuwvpvuvzPRPg/4Y8I3fha9ttPj1N4rVDFYJ9uWXyISyrJtkiKrtZSwGVPA2561la54X1LQd
 UlGqWEgmRwZJVcFXB+6+OThuDnOMnGBxXq3gK10dtFE+niNbu6iO2XTjtlim3eYvTaARv65GcE
 5Hbzv4k+MLNr97XxzqkFrdWbtbpdSzr5z7XACvGAGZc4JO3cM5xgGvKyypClH33ZHkcTV6cE5z
 fKl1l/wSKzfMA3MfzorwP8Aav8AjL4o8A/Ei00D4YXp1TTRokErahYM5imlZ5CxAZVK44UgjPy
 +9FFXPKUKrUYNrvf/AIB+SVeLMJSqyhGLaT37nxJo974xs47uy0/Wlt7e6jUKPs5LxsM5IOMDI
 4/L3rVu4Li38LXFxfXbyyRsMKke3JZ8KoJwMnOM9uOvWmWUVzjCW7n6Iear+NoZ4fDN0k4nQTI
 katHHk5Mi4wD/ADHI7V7WKh7ahyy6LsfdZRXeFxilH7TVzkvHel6jpV0k1z4eJcWSiN1yWVSpb
 AyQv97n0Irzzxl5UqRWm64V0uhI1tDaK4U853bhg42nGOeOCe/0t428K+HNS8MRXttqfmNBCpb
 Zt6bCc5BwMnA/PrXzx408O6oGfWZLOedXlaZ7gMQyqCvyqcj7zc+gyPevEw81CpufqFOt9aocy
 OQuNI8S6XaT3U+kXAt4LeRLVmhOwjeQRgYG3JBAxxg9MkiTXz4TsvhbqEur+NPK1YTwW9pZ21o
 yGUOCWPfciKuGdtrb5I9vG6p/FnxCuI7hLSSzkka3V1F07KkiIyHK7025XJ49D0xkBeLa0mtE/
 te6gjmiuGWbyIRuKqygd88YAzjnkc5zj38LBTtKrpqnp1PMxNarBuMNf0+R38vxn0G78KReEod
 AGmw3ekyS7rC8uMTXavtV2ikcpGCERGIXftAOcnNbFl8QbHxr4LlXX/El0ojmQ20MskaGHavzY
 3vvK/IvQclckDcK88g1nU3gijstDimE8h3sqnavlAquN2M/IRtPXqOtSDwr4w8eatBp2n6JPZt
 MgbcynaC2VIC8Ekg9M/XrWlXDYXWUnypdbr+uhFHF10lGC5n2sz7t+AfwY8MfGH4TaR4U1uK6a
 +vLKVNE1y3tzJbXCGNz5Duoba5KbcsUP3OucD3/APZX1i9+GGg6t4O8SW9tFcWmnJbtFJIRPJs
 d2lJ3JlYdskBSTLBsrjggj5I/Y/8AH2qfAvQNM0y71q61vw2upwzoumkeal/uAKAFSSDHEqnB2
 4fjlTX2F4LX/hK/jBceIfCHjm5fSvEkYhu7S7jQ+TcwyRsUj2ll2Mixt8xKhuOqgn43FtQcknf
 X+v8Ago9+PtZ251ZNfdbW1z6k+EGsXV74Ju9XXw1Pa3PkG4+1XYcBwUABUR+g3cBtucDkZx5h8
 Wta+H/xKvbDw14e00PqdzOuZdLAad5XIYzJuU8fMVdcEfIHz1r1/TvEV98F9DjuF8XaTcW09vJ
 BJbzq8lwspX5ZotpO7GQW5I4IJGFNfDX7YWqftVBdMOm/CKaC90WSV9X8a6BaecNQjkj25dIcB
 FZGwzOilwqnjLA9H9nZlSwkaioycbN/C2rK3VXt+B+UcaYuhipygrNX6q/y1tb8V2PevCPhHwb
 oWltYzeMbTUj57MLi9uoZWXoNqsiBSoIOMep5or5C+DXxg/YUs/Dl3F+1B4E8VnxGdRYwnw1eG
 C2+y+XGF/d5+V94kzjrwepNFccOHFi4qs6sY82trtW8j8Zq5JXq1ZTi0k3troebfte6ZL4B0yw
 +Jdh4yu9Ntby4W1u7SzRfLErZKvhvu8DB7cZwOa8p1bVtH06Ean4v8fPeRrGWWO6hiIKkZyNq7
 vy4rnP2pP2x7/4q3snhPSIg/h62uAYVFuskkrjgOzt0Ppjpnqa8P17xDqV1o1zNcjY8aqyQu+T
 t3AFj6n9P0r9bp8NqpZ1ZW7pJXfz6fifqP9rKlG1NXa69D23RPjlc+O/ET+H/AAiYbLT5JY7OG
 e4izPdysxJ2KvYKAD1xuBJHSuw8TqNR+06Jp9nNeMLgRfuZgzTAKAWxnhQAMepyeMcfH/gjx9r
 ngjUk8R+GZ1ivyssQleMFkWTIYr6Ngnn/ABNet/s8/Fm2j8TrPqesF5BZrJP5UhYxbHjwBtYfL
 87H0yxHbA8riHhv2MPbUVaMVst36vf8fuPp+GeI/e9hV3k93+FjU1TwxqXiHfY3dhLDFbvuiuH
 YgsUfBUcgMcjoAfXjknGn0C0tLiW61Y+Wlyi28928xDRqnPmD0UEAHsMnkYzXvGv+DtPvLyfXY
 b15LSwt3u7dtoUSByu3oMnC5I4ycdu3Fa3baHZeFBrWraGrvYQloLFmCpPG65UbRn5QpXJ6556
 mvlaOOnFqFtNrf18j7yVGlVXOt+5zOn6pq2sWd54aiufst3bSGSMG2V3ZEG6RIwxBVSFLHBycn
 npXZ+ENEXxrLaXnhTUkDLcqihZ8eTMATtYkKPmCnCsTkrgelWNAXw9qniR9UGmW+pS6joaTC1R
 JIpbfVXcICrMCc+Q6vkHByoyChA9N+CHw60eewm8c30dykE1t9nuNJFsxa4dNyjcYzncGKBm6r
 vjOR8xGWJq0kuz3+b3X4f1c1w7l8T1R7t+zv8KrG50C08ObrOw1Se+SWO4uLZUEjRsA3PITiTL
 cqCMZ7g/UPws0zwR8KfDdlY+PNMexnjd7l9TukEZsYljLLC3J3K3UZ5VgQchiDt/sq/B2LXfAs
 OoeIPDqTXKRML37cVe5dJIdsgViD8xWQjIOfmyDyRXgn7b/AMY/sl74r8N6P4llngGpWujeHhq
 s7sZGS3htGl8xQfLcyq0gb7v3SR1FXw/ktXN8Trolr8rr+vI8XPc8pYOLin/w/wDX3nrfjL4oe
 HIfHfw40DxJeM0viLTkeOYSKYL+QxSYliZCyHaM9MZDY4K5Hnv7MP7Ul1r/AMede/ZV+IeqEat
 oU80GkyPhZGRSGhO4AMSANvXowr5R+Pn7SU+qeEvhR8TLfV2VfC3xLutGtbgTKVa2iSFGYFMKw
 O0sSB8xYnvXO/8ABRvxtr/7Pv7cnhf9pnwJcNENV0601KOSEkLK0bFJEOOxUL+DCv6Ew8YYehF
 NbJa/I/E8RJ1asvO/5n1T8ff2jJvh98Rrjw9q8cepTCJZDPeaXFdMoJYBA7gkAY6epJ70VhePv
 hFqv7Wd/Y/tDfBy7updJ8UaVBdyx2cylbe5wRLEQc4IYdPQiiun2VN68q+441y9Wfj3p2uhISs
 y7iH35Y+lUItWkvBqNzPJkywMCc8gZBrNu72a0gmO75i2AfSq0Urw6RNyQZVC/hnmvCsjdTdrF
 jw3ILnWLe3Iyvmf+O96j8JeKrnwXqt7fWQLXDp5MSn7u3zFds9+iYAH97ORjBd4ZZINTiI6gHJ
 /A1i3QP21plbqxIz9TROMK14y1T3KhUlStKO6Ptj9nj9qfSfiNYxeBfHixxXc7NJpv2ZV/wBSo
 JMR9wC7fQkckYr0jxJ4Z8Karof2WFIRFJp7gfJkOzHchypyCQgPbrnvX5/+B/F8/hLUxcNbh4n
 O51CgOxUEqAw5UbtpxnGQDgkDHqPww/ap8deH7iHR9X1F7mymQi83gbg2XywIHTy2wfbPsR+f5
 vwnKVZ1MKrKOtv8v6/yP0DJ+LVCmqeJlq3v9259OfDP4darqmoObzV0jSxjZdNkKgHzEG5QSBk
 /c4yST0Gcivtf4WaH8OtFu4rPR7+F7K5v2WKOISyC+kyRKxVx/rcOqjIyVkXIbBNfCPw7+N+n6
 bdaLY3V9OLd7ppdRjtY9zRK8WwMpiJkyAx4wOQPStfQP2sPGaai+h+FtOdby0tr24ukliV7d71
 Ek8plUENhkVAG5O5QcEDj5mPDmZYirZQflofVVs/wUaV+dL5n6I/tC/t3+G/2XvB2l+CfD6HWN
 b8Q6qNDyZpUeCGWISNIeMxzmLCRq5wWCk5Csx+Cv2w/itaeGvCiWFrq91MfD9kiWBvrgzTPcuG
 CMzHlmUZlJ7MOmTmqPwXl1j4s+I/+FqfE+ObUPEtlaraPe3xMjLbwMfJbL85CMqZ4OI8kenhf7
 YnjibxJrUkCXAdIWVRIvRjySTx6kgegFfrPD2R/2LgXOp/Ef4H5dnWbf2jieWHwL8ToPFMjXn/
 BOPwlqm8+ZZ/Ea9w4/wBuDP8A7JXb/tSa1qfxu/YZ+FXxTJe6uNFurnSNQlUbip2x7dx9xHXnf
 2ua/wD+CbFrbqAy2fxCBxj+9BNz+ldd+wJ4r074u/Cnxl+yF4ouFT+1bX7f4eklfAiu4+Rj6kY
 P1r34tufJ3R4bnpfszy7QP2sv2h/gdp6/D/4d/ErUdM063xJ9lgl+QSMo3EemcCiuG+MmjahoH
 xK1XRtVtlhuLa5McseM7WHWip9rUi7XJervY801Ni90UY8bzxTGbOnMSBw2KKK5Z/D9wluTaCN
 kzyr95YmwfwNZtwijJA70UVk/iZfQMkHaCR71bt5XMIcnnODjvRRQgjsTfaLi5cNPcSOVztLOS
 Rkknr7kn8a6b4L6xqeneObWewvHhklPlu8ZwSp6jPvRRWlHRoJao+5vh/dSaH8B/Euq6eAs4vF
 tRI3J2Mrbj/vHA5/Svkv4u3UtxDcSyEbgFOfU56/rRRXfim1TRnD4md/4MuJW/wCCdesQMcqnx
 AtiuR0zby/41wH7MniHVfDP7QPhfUdIuDHK2rRRMfVXYKwP4E0UVzybVeHovzBbM6j9tHTra3/
 aa8WRRKQP7Qzz7qD/AFoooqppc7COx//Z
END:VCARD

